0 info it worked if it ends with ok
1 verbose cli [ '/usr/local/Cellar/node/6.2.0/bin/node',
1 verbose cli   '/usr/local/bin/npm',
1 verbose cli   'run',
1 verbose cli   'watch-bundle' ]
2 info using npm@3.8.9
3 info using node@v6.2.0
4 verbose run-script [ 'prewatch-bundle', 'watch-bundle', 'postwatch-bundle' ]
5 info lifecycle xoces-js@1.0.0~prewatch-bundle: xoces-js@1.0.0
6 silly lifecycle xoces-js@1.0.0~prewatch-bundle: no script for prewatch-bundle, continuing
7 info lifecycle xoces-js@1.0.0~watch-bundle: xoces-js@1.0.0
8 verbose lifecycle xoces-js@1.0.0~watch-bundle: unsafe-perm in lifecycle true
9 verbose lifecycle xoces-js@1.0.0~watch-bundle: PATH: /usr/local/lib/node_modules/npm/bin/node-gyp-bin:/Users/luwenhuang/Sites/xoces/node_modules/.bin:/usr/local/Cellar/node/6.2.0/bin:/Developer/NVIDIA/CUDA-7.0/bin:/usr/local/bin/cli:/usr/local/lib/python2.7/site-packages:/usr/local/opt/ruby/bin:/usr/local/bin:/usr/local/sbin:/usr/local/mysql/bin:/usr/local/share/npm/bin:/usr/local/bin:/usr/local/heroku/bin:/usr/local/bin:/usr/bin:/bin:/usr/sbin:/sbin:/opt/X11/bin:/usr/local/MacGPG2/bin:/usr/texbin:/usr/bin
10 verbose lifecycle xoces-js@1.0.0~watch-bundle: CWD: /Users/luwenhuang/Sites/xoces
11 silly lifecycle xoces-js@1.0.0~watch-bundle: Args: [ '-c', 'watchify components/**/*.js > dist/xoces.bundle.js' ]
12 silly lifecycle xoces-js@1.0.0~watch-bundle: Returned: code: 1  signal: null
13 info lifecycle xoces-js@1.0.0~watch-bundle: Failed to exec watch-bundle script
14 verbose stack Error: xoces-js@1.0.0 watch-bundle: `watchify components/**/*.js > dist/xoces.bundle.js`
14 verbose stack Exit status 1
14 verbose stack     at EventEmitter.<anonymous> (/usr/local/lib/node_modules/npm/lib/utils/lifecycle.js:245:16)
14 verbose stack     at emitTwo (events.js:106:13)
14 verbose stack     at EventEmitter.emit (events.js:191:7)
14 verbose stack     at ChildProcess.<anonymous> (/usr/local/lib/node_modules/npm/lib/utils/spawn.js:24:14)
14 verbose stack     at emitTwo (events.js:106:13)
14 verbose stack     at ChildProcess.emit (events.js:191:7)
14 verbose stack     at maybeClose (internal/child_process.js:850:16)
14 verbose stack     at Process.ChildProcess._handle.onexit (internal/child_process.js:215:5)
15 verbose pkgid xoces-js@1.0.0
16 verbose cwd /Users/luwenhuang/Sites/xoces
17 error Darwin 14.5.0
18 error argv "/usr/local/Cellar/node/6.2.0/bin/node" "/usr/local/bin/npm" "run" "watch-bundle"
19 error node v6.2.0
20 error npm  v3.8.9
21 error code ELIFECYCLE
22 error xoces-js@1.0.0 watch-bundle: `watchify components/**/*.js > dist/xoces.bundle.js`
22 error Exit status 1
23 error Failed at the xoces-js@1.0.0 watch-bundle script 'watchify components/**/*.js > dist/xoces.bundle.js'.
23 error Make sure you have the latest version of node.js and npm installed.
23 error If you do, this is most likely a problem with the xoces-js package,
23 error not with npm itself.
23 error Tell the author that this fails on your system:
23 error     watchify components/**/*.js > dist/xoces.bundle.js
23 error You can get information on how to open an issue for this project with:
23 error     npm bugs xoces-js
23 error Or if that isn't available, you can get their info via:
23 error     npm owner ls xoces-js
23 error There is likely additional logging output above.
24 verbose exit [ 1, true ]
