0 info it worked if it ends with ok
1 verbose cli [ '/usr/local/bin/node', '/usr/local/bin/npm', 'publish' ]
2 info using npm@3.10.8
3 info using node@v6.9.1
4 verbose publish [ '.' ]
5 silly cache add args [ '.', null ]
6 verbose cache add spec .
7 silly cache add parsed spec Result {
7 silly cache add   raw: '.',
7 silly cache add   scope: null,
7 silly cache add   escapedName: null,
7 silly cache add   name: null,
7 silly cache add   rawSpec: '.',
7 silly cache add   spec: '/Users/luwenh/projects/xoces/dist',
7 silly cache add   type: 'directory' }
8 verbose addLocalDirectory /Users/luwenh/.npm/xoces/1.1.12/package.tgz not in flight; packing
9 verbose correctMkdir /Users/luwenh/.npm correctMkdir not in flight; initializing
10 info lifecycle xoces@1.1.12~prepublish: xoces@1.1.12
11 silly lifecycle xoces@1.1.12~prepublish: no script for prepublish, continuing
12 verbose tar pack [ '/Users/luwenh/.npm/xoces/1.1.12/package.tgz',
12 verbose tar pack   '/Users/luwenh/projects/xoces/dist' ]
13 verbose tarball /Users/luwenh/.npm/xoces/1.1.12/package.tgz
14 verbose folder /Users/luwenh/projects/xoces/dist
15 verbose addLocalTarball adding from inside cache /Users/luwenh/.npm/xoces/1.1.12/package.tgz
16 verbose correctMkdir /Users/luwenh/.npm correctMkdir not in flight; initializing
17 silly cache afterAdd xoces@1.1.12
18 verbose afterAdd /Users/luwenh/.npm/xoces/1.1.12/package/package.json not in flight; writing
19 verbose correctMkdir /Users/luwenh/.npm correctMkdir not in flight; initializing
20 verbose afterAdd /Users/luwenh/.npm/xoces/1.1.12/package/package.json written
21 silly publish { name: 'xoces',
21 silly publish   version: '1.1.12',
21 silly publish   description: 'Interactive chord and tree visualization widget',
21 silly publish   main: 'index.js',
21 silly publish   scripts:
21 silly publish    { start: 'webpack-dev-server --open --config ./webpack/webpack-dev.config.js',
21 silly publish      test: 'mocha -r jsdom-global/register --compilers js:babel-core/register --colors  $(find . ! -path \'./node_modules/*\' -name \'*.spec.js\')',
21 silly publish      build: 'rm ./dist/*.js; rm ./dist/umd/*.js; webpack --config ./webpack/webpack.config.js',
21 silly publish      dist: 'cp package.json dist/; cd dist/; npm publish' },
21 silly publish   repository:
21 silly publish    { type: 'git',
21 silly publish      url: 'git+https://github.com/wombats-writing-code/xoces.git' },
21 silly publish   keywords:
21 silly publish    [ 'data visualization',
21 silly publish      'chord visualization',
21 silly publish      'tree visualization' ],
21 silly publish   files: [ 'umd', 'dist', 'src' ],
21 silly publish   author: { name: 'MIT Mapping Lab' },
21 silly publish   license: 'MIT',
21 silly publish   bugs: { url: 'https://github.com/wombats-writing-code/xoces/issues' },
21 silly publish   homepage: 'https://github.com/wombats-writing-code/xoces#readme',
21 silly publish   devDependencies:
21 silly publish    { 'babel-core': '^6.13.2',
21 silly publish      'babel-loader': '^6.2.4',
21 silly publish      'babel-preset-es2015': '^6.13.2',
21 silly publish      'babel-preset-react': '^6.11.1',
21 silly publish      'babel-preset-stage-2': '^6.13.0',
21 silly publish      'babel-register': '^6.24.0',
21 silly publish      chai: '^3.5.0',
21 silly publish      'css-loader': '^0.23.1',
21 silly publish      jsdom: '9.12.0',
21 silly publish      'jsdom-global': '2.1.1',
21 silly publish      'node-sass': '^4.5.0',
21 silly publish      'postcss-loader': '^0.9.1',
21 silly publish      'react-hot-loader': '^3.0.0-beta.6',
21 silly publish      'redux-devtools': '^3.3.2',
21 silly publish      'sass-loader': '^6.0.3',
21 silly publish      should: '^11.2.1',
21 silly publish      'style-loader': '^0.13.1',
21 silly publish      'uglifyjs-webpack-plugin': '^0.3.1',
21 silly publish      'url-loader': '^0.5.8',
21 silly publish      webpack: '^2.1.0-beta.25',
21 silly publish      'webpack-auto-inject-version': '^0.2.11',
21 silly publish      'webpack-dev-server': '^2.1.0-beta.0' },
21 silly publish   dependencies:
21 silly publish    { 'chroma-js': '^1.2.2',
21 silly publish      d3: '^4.7.2',
21 silly publish      jquery: '^3.2.1',
21 silly publish      pluralize: '^4.0.0',
21 silly publish      react: '^15.3.0',
21 silly publish      'react-dom': '^15.3.0',
21 silly publish      'react-redux': '^5.0.3',
21 silly publish      redux: '^3.6.0' },
21 silly publish   readme: 'ERROR: No README data found!',
21 silly publish   _id: 'xoces@1.1.12',
21 silly publish   _shasum: '3fcfeab172b19b39a4bc660a86783211784913bb',
21 silly publish   _from: '.' }
22 verbose getPublishConfig undefined
23 silly mapToRegistry name xoces
24 silly mapToRegistry using default registry
25 silly mapToRegistry registry https://registry.npmjs.org/
26 silly mapToRegistry data Result {
26 silly mapToRegistry   raw: 'xoces',
26 silly mapToRegistry   scope: null,
26 silly mapToRegistry   escapedName: 'xoces',
26 silly mapToRegistry   name: 'xoces',
26 silly mapToRegistry   rawSpec: '',
26 silly mapToRegistry   spec: 'latest',
26 silly mapToRegistry   type: 'tag' }
27 silly mapToRegistry uri https://registry.npmjs.org/xoces
28 verbose publish registryBase https://registry.npmjs.org/
29 silly publish uploading /Users/luwenh/.npm/xoces/1.1.12/package.tgz
30 verbose request uri https://registry.npmjs.org/xoces
31 verbose request sending authorization for write operation
32 info attempt registry request try #1 at 6:57:03 PM
33 verbose request using bearer token for auth
34 verbose request id 759930db491e4651
35 http request PUT https://registry.npmjs.org/xoces
36 http 403 https://registry.npmjs.org/xoces
37 verbose headers { 'content-type': 'application/json',
37 verbose headers   'cache-control': 'max-age=300',
37 verbose headers   'content-length': '96',
37 verbose headers   'accept-ranges': 'bytes',
37 verbose headers   date: 'Thu, 23 Mar 2017 22:57:11 GMT',
37 verbose headers   via: '1.1 varnish',
37 verbose headers   connection: 'keep-alive',
37 verbose headers   'x-served-by': 'cache-bos8221-BOS',
37 verbose headers   'x-cache': 'MISS',
37 verbose headers   'x-cache-hits': '0',
37 verbose headers   'x-timer': 'S1490309829.876378,VS0,VE1328',
37 verbose headers   vary: 'Accept-Encoding' }
38 verbose request invalidating /Users/luwenh/.npm/registry.npmjs.org/xoces on PUT
39 error publish Failed PUT 403
40 verbose stack Error: "You cannot publish over the previously published version 1.1.12." : xoces
40 verbose stack     at makeError (/usr/local/lib/node_modules/npm/node_modules/npm-registry-client/lib/request.js:302:12)
40 verbose stack     at CachingRegistryClient.<anonymous> (/usr/local/lib/node_modules/npm/node_modules/npm-registry-client/lib/request.js:290:14)
40 verbose stack     at Request._callback (/usr/local/lib/node_modules/npm/node_modules/npm-registry-client/lib/request.js:210:14)
40 verbose stack     at Request.self.callback (/usr/local/lib/node_modules/npm/node_modules/request/request.js:187:22)
40 verbose stack     at emitTwo (events.js:106:13)
40 verbose stack     at Request.emit (events.js:191:7)
40 verbose stack     at Request.<anonymous> (/usr/local/lib/node_modules/npm/node_modules/request/request.js:1044:10)
40 verbose stack     at emitOne (events.js:96:13)
40 verbose stack     at Request.emit (events.js:188:7)
40 verbose stack     at IncomingMessage.<anonymous> (/usr/local/lib/node_modules/npm/node_modules/request/request.js:965:12)
41 verbose statusCode 403
42 verbose pkgid xoces
43 verbose cwd /Users/luwenh/projects/xoces/dist
44 error Darwin 16.4.0
45 error argv "/usr/local/bin/node" "/usr/local/bin/npm" "publish"
46 error node v6.9.1
47 error npm  v3.10.8
48 error code E403
49 error "You cannot publish over the previously published version 1.1.12." : xoces
50 error If you need help, you may report this error at:
50 error     <https://github.com/npm/npm/issues>
51 verbose exit [ 1, true ]
